Arguments: 
  /usr/local/bin/node /usr/local/Cellar/yarn/1.9.4/libexec/bin/yarn.js add axios dotenv

PATH: 
  /Users/kmatsuo/.rvm/gems/ruby-2.2.2/bin:/Users/kmatsuo/.rvm/gems/ruby-2.2.2@global/bin:/Users/kmatsuo/.rvm/rubies/ruby-2.2.2/bin:/Library/Frameworks/Mono.framework/Versions/Current/bin/:/Users/kmatsuo/.npm-packages/bin:/usr/local/bin:/usr/bin:/bin:/usr/sbin:/sbin:/usr/local/git/bin:/usr/local/mysql/bin:/Users/kmatsuo/.rvm/bin:/Users/kmatsuo/.npm-global/bin:/Users/kmatsuo/Library/Android/sdk/emulator:/Users/kmatsuo/Library/Android/sdk/tools:/Users/kmatsuo/Library/Android/sdk/tools/bin:/Users/kmatsuo/Library/Android/sdk/platform-tools

Yarn version: 
  1.9.4

Node version: 
  10.16.0

Platform: 
  darwin x64

Trace: 
  Error: https://registry.yarnpkg.com/axios: ETIMEDOUT
      at Timeout._onTimeout (/usr/local/Cellar/yarn/1.9.4/libexec/lib/cli.js:138128:19)
      at ontimeout (timers.js:436:11)
      at tryOnTimeout (timers.js:300:5)
      at listOnTimeout (timers.js:263:5)
      at Timer.processTimers (timers.js:223:10)

npm manifest: 
  No manifest

yarn manifest: 
  No manifest

Lockfile: 
  No lockfile
